<?xml version="1.0" encoding="UTF-8"?>
<!-- Generated by org.testng.reporters.JUnitReportReporter -->
<testsuite hostname="LAPTOP-NG6US5A1" failures="0" tests="1" name="com.testng.GoogleTest" time="4.157" errors="0" timestamp="2021-12-05T19:17:19 IST" skipped="0">
  <testcase classname="com.testng.GoogleTest" name="setUp" time="4.157"/>
  <system-out/>
</testsuite> <!-- com.testng.GoogleTest -->
