<?xml version="1.0" encoding="UTF-8"?>
<!-- Generated by org.testng.reporters.JUnitReportReporter -->
<testsuite hostname="LAPTOP-NG6US5A1" failures="0" tests="2" name="com.testng.testngBasics" time="0.015" errors="0" timestamp="2023-08-20T22:50:06 IST" skipped="0">
  <testcase classname="com.testng.testngBasics" name="googleTitleTest" time="0.007"/>
  <system-out/>
  <testcase classname="com.testng.testngBasics" name="searchTest" time="0.008"/>
  <system-out/>
</testsuite> <!-- com.testng.testngBasics -->
